0 info it worked if it ends with ok
1 verbose cli [ '/usr/local/bin/node',
1 verbose cli   '/usr/local/bin/npm',
1 verbose cli   'install',
1 verbose cli   '-g',
1 verbose cli   'jshint' ]
2 info using npm@2.15.1
3 info using node@v4.4.4
4 verbose install initial load of /usr/local/lib/package.json
5 verbose readDependencies loading dependencies from /usr/local/lib/package.json
6 silly cache add args [ 'jshint', null ]
7 verbose cache add spec jshint
8 silly cache add parsed spec Result {
8 silly cache add   raw: 'jshint',
8 silly cache add   scope: null,
8 silly cache add   name: 'jshint',
8 silly cache add   rawSpec: '',
8 silly cache add   spec: 'latest',
8 silly cache add   type: 'tag' }
9 silly addNamed jshint@latest
10 verbose addNamed "latest" is being treated as a dist-tag for jshint
11 info addNameTag [ 'jshint', 'latest' ]
12 silly mapToRegistry name jshint
13 silly mapToRegistry using default registry
14 silly mapToRegistry registry https://registry.npmjs.org/
15 silly mapToRegistry data Result {
15 silly mapToRegistry   raw: 'jshint',
15 silly mapToRegistry   scope: null,
15 silly mapToRegistry   name: 'jshint',
15 silly mapToRegistry   rawSpec: '',
15 silly mapToRegistry   spec: 'latest',
15 silly mapToRegistry   type: 'tag' }
16 silly mapToRegistry uri https://registry.npmjs.org/jshint
17 verbose addNameTag registry:https://registry.npmjs.org/jshint not in flight; fetching
18 verbose request uri https://registry.npmjs.org/jshint
19 verbose request no auth needed
20 info attempt registry request try #1 at 1:47:25 PM
21 verbose request id 27aca62bf8dc6af0
22 verbose etag "EM344S539NZGKD4BJZQBCJFO1"
23 http request GET https://registry.npmjs.org/jshint
24 http 304 https://registry.npmjs.org/jshint
25 verbose headers { date: 'Mon, 23 May 2016 10:47:26 GMT',
25 verbose headers   via: '1.1 varnish',
25 verbose headers   'cache-control': 'max-age=300',
25 verbose headers   etag: '"EM344S539NZGKD4BJZQBCJFO1"',
25 verbose headers   age: '68',
25 verbose headers   connection: 'keep-alive',
25 verbose headers   'x-served-by': 'cache-fra1240-FRA',
25 verbose headers   'x-cache': 'HIT',
25 verbose headers   'x-cache-hits': '5',
25 verbose headers   'x-timer': 'S1464000446.556545,VS0,VE0',
25 verbose headers   vary: 'Accept-Encoding' }
26 silly get cb [ 304,
26 silly get   { date: 'Mon, 23 May 2016 10:47:26 GMT',
26 silly get     via: '1.1 varnish',
26 silly get     'cache-control': 'max-age=300',
26 silly get     etag: '"EM344S539NZGKD4BJZQBCJFO1"',
26 silly get     age: '68',
26 silly get     connection: 'keep-alive',
26 silly get     'x-served-by': 'cache-fra1240-FRA',
26 silly get     'x-cache': 'HIT',
26 silly get     'x-cache-hits': '5',
26 silly get     'x-timer': 'S1464000446.556545,VS0,VE0',
26 silly get     vary: 'Accept-Encoding' } ]
27 verbose etag https://registry.npmjs.org/jshint from cache
28 verbose get saving jshint to /Users/bob/.npm/registry.npmjs.org/jshint/.cache.json
29 verbose correctMkdir /Users/bob/.npm correctMkdir not in flight; initializing
30 silly addNameTag next cb for jshint with tag latest
31 silly addNamed jshint@2.9.2
32 verbose addNamed "2.9.2" is a plain semver version for jshint
33 silly cache afterAdd jshint@2.9.2
34 verbose afterAdd /Users/bob/.npm/jshint/2.9.2/package/package.json not in flight; writing
35 verbose correctMkdir /Users/bob/.npm correctMkdir not in flight; initializing
36 verbose afterAdd /Users/bob/.npm/jshint/2.9.2/package/package.json written
37 silly install resolved [ { name: 'jshint',
37 silly install resolved     version: '2.9.2',
37 silly install resolved     homepage: 'http://jshint.com/',
37 silly install resolved     description: 'Static analysis tool for JavaScript',
37 silly install resolved     author:
37 silly install resolved      { name: 'Anton Kovalyov',
37 silly install resolved        email: 'anton@kovalyov.net',
37 silly install resolved        url: 'http://anton.kovalyov.net/' },
37 silly install resolved     repository: { type: 'git', url: 'git+https://github.com/jshint/jshint.git' },
37 silly install resolved     bugs: { url: 'https://github.com/jshint/jshint/issues' },
37 silly install resolved     bin: { jshint: './bin/jshint' },
37 silly install resolved     scripts:
37 silly install resolved      { 'browser-test-server': 'node tests/helpers/browser/server',
37 silly install resolved        build: 'node bin/build',
37 silly install resolved        coverage: 'istanbul -- cover ./node_modules/.bin/nodeunit tests/unit',
37 silly install resolved        data: 'node scripts/generate-identifier-data',
37 silly install resolved        pretest: 'jshint src && jscs src',
37 silly install resolved        changelog: 'conventional-changelog -p jshint -i CHANGELOG.md -w',
37 silly install resolved        'github-release': 'conventional-github-releaser -p jshint',
37 silly install resolved        'test-browser': 'node tests/browser',
37 silly install resolved        'test-cli': 'nodeunit tests/cli.js',
37 silly install resolved        'test-node': 'npm run test-unit && npm run test-cli && npm run test-regression',
37 silly install resolved        'test-regression': 'nodeunit tests/regression',
37 silly install resolved        'test-unit': 'nodeunit tests/unit',
37 silly install resolved        test: 'npm run test-node && npm run test-browser' },
37 silly install resolved     main: './src/jshint.js',
37 silly install resolved     dependencies:
37 silly install resolved      { cli: '0.6.x',
37 silly install resolved        'console-browserify': '1.1.x',
37 silly install resolved        exit: '0.1.x',
37 silly install resolved        htmlparser2: '3.8.x',
37 silly install resolved        minimatch: '2.0.x',
37 silly install resolved        shelljs: '0.3.x',
37 silly install resolved        'strip-json-comments': '1.0.x',
37 silly install resolved        lodash: '3.7.x' },
37 silly install resolved     devDependencies:
37 silly install resolved      { browserify: '9.x',
37 silly install resolved        'conventional-changelog': '0.4.x',
37 silly install resolved        'conventional-github-releaser': '0.4.x',
37 silly install resolved        coveralls: '2.11.x',
37 silly install resolved        istanbul: '0.3.x',
37 silly install resolved        jscs: '1.11.x',
37 silly install resolved        jshint: '2.6.x',
37 silly install resolved        'mock-stdin': '0.3.x',
37 silly install resolved        nodeunit: '0.9.x',
37 silly install resolved        phantom: '~0.7.2',
37 silly install resolved        phantomjs: '1.9.13',
37 silly install resolved        regenerate: '1.2.x',
37 silly install resolved        sinon: '1.12.x',
37 silly install resolved        'unicode-6.3.0': '0.1.x' },
37 silly install resolved     license: '(MIT AND JSON)',
37 silly install resolved     preferGlobal: true,
37 silly install resolved     files: [ 'bin', 'data', 'dist', 'src' ],
37 silly install resolved     gitHead: 'b554ffe61eabf6e3e3a2876a3a377271da308811',
37 silly install resolved     _id: 'jshint@2.9.2',
37 silly install resolved     _shasum: '0b12d75f8eafb0823b7bf8efbb265b3262401619',
37 silly install resolved     _from: 'jshint@latest',
37 silly install resolved     _npmVersion: '3.3.12',
37 silly install resolved     _nodeVersion: '5.3.0',
37 silly install resolved     _npmUser: { name: 'jugglinmike', email: 'mike@mikepennisi.com' },
37 silly install resolved     maintainers: [ [Object], [Object], [Object] ],
37 silly install resolved     dist:
37 silly install resolved      { shasum: '0b12d75f8eafb0823b7bf8efbb265b3262401619',
37 silly install resolved        tarball: 'https://registry.npmjs.org/jshint/-/jshint-2.9.2.tgz' },
37 silly install resolved     _npmOperationalInternal:
37 silly install resolved      { host: 'packages-16-east.internal.npmjs.com',
37 silly install resolved        tmp: 'tmp/jshint-2.9.2.tgz_1461106429823_0.9580952741671354' },
37 silly install resolved     directories: {},
37 silly install resolved     _resolved: 'https://registry.npmjs.org/jshint/-/jshint-2.9.2.tgz',
37 silly install resolved     readme: 'ERROR: No README data found!' } ]
38 info install jshint@2.9.2 into /usr/local/lib
39 info installOne jshint@2.9.2
40 verbose installOne of jshint to /usr/local/lib not in flight; installing
41 verbose correctMkdir /Users/bob/.npm/_locks correctMkdir not in flight; initializing
42 verbose lock using /Users/bob/.npm/_locks/jshint-60c9d5e162d557b6.lock for /usr/local/lib/node_modules/jshint
43 silly install write writing jshint 2.9.2 to /usr/local/lib/node_modules/jshint
44 verbose unbuild lib/node_modules/jshint
45 silly gentlyRm /usr/local/lib/node_modules/jshint is being purged from base /usr/local
46 verbose gentlyRm don't care about contents; nuking /usr/local/lib/node_modules/jshint
47 verbose tar unpack /Users/bob/.npm/jshint/2.9.2/package.tgz
48 verbose tar unpacking to /usr/local/lib/node_modules/jshint
49 silly gentlyRm /usr/local/lib/node_modules/jshint is being purged
50 verbose gentlyRm don't care about contents; nuking /usr/local/lib/node_modules/jshint
51 silly gunzTarPerm modes [ '755', '644' ]
52 error tar.unpack untar error /Users/bob/.npm/jshint/2.9.2/package.tgz
53 verbose unlock done using /Users/bob/.npm/_locks/jshint-60c9d5e162d557b6.lock for /usr/local/lib/node_modules/jshint
54 verbose fstream_path /usr/local/lib/node_modules/jshint
55 verbose fstream_type Directory
56 verbose fstream_class DirWriter
57 verbose stack Error: EACCES: permission denied, mkdir '/usr/local/lib/node_modules/jshint'
57 verbose stack     at Error (native)
58 verbose fstream_stack /usr/local/lib/node_modules/npm/node_modules/fstream/lib/dir-writer.js:35:25
58 verbose fstream_stack /usr/local/lib/node_modules/npm/node_modules/mkdirp/index.js:47:53
58 verbose fstream_stack FSReqWrap.oncomplete (fs.js:82:15)
59 verbose cwd /Applications/MAMP/htdocs/mooauto
60 error Darwin 15.4.0
61 error argv "/usr/local/bin/node" "/usr/local/bin/npm" "install" "-g" "jshint"
62 error node v4.4.4
63 error npm  v2.15.1
64 error path /usr/local/lib/node_modules/jshint
65 error code EACCES
66 error errno -13
67 error syscall mkdir
68 error Error: EACCES: permission denied, mkdir '/usr/local/lib/node_modules/jshint'
68 error     at Error (native)
68 error  { [Error: EACCES: permission denied, mkdir '/usr/local/lib/node_modules/jshint']
68 error   errno: -13,
68 error   code: 'EACCES',
68 error   syscall: 'mkdir',
68 error   path: '/usr/local/lib/node_modules/jshint',
68 error   fstream_type: 'Directory',
68 error   fstream_path: '/usr/local/lib/node_modules/jshint',
68 error   fstream_class: 'DirWriter',
68 error   fstream_stack:
68 error    [ '/usr/local/lib/node_modules/npm/node_modules/fstream/lib/dir-writer.js:35:25',
68 error      '/usr/local/lib/node_modules/npm/node_modules/mkdirp/index.js:47:53',
68 error      'FSReqWrap.oncomplete (fs.js:82:15)' ] }
69 error Please try running this command again as root/Administrator.
70 verbose exit [ -13, true ]
71 verbose unbuild lib/node_modules/jshint
72 silly gentlyRm /usr/local/lib/node_modules/jshint is being purged from base /usr/local
73 verbose gentlyRm don't care about contents; nuking /usr/local/lib/node_modules/jshint
